<?xml version="1.0" encoding="UTF-8"?>
<testsuite name="memory.MemoryFinderTest" tests="1" skipped="0" failures="0" errors="0" timestamp="2023-12-31T15:12:57" hostname="DESKTOP-MST95U4" time="0.158">
  <properties/>
  <testcase name="get()" classname="memory.MemoryFinderTest" time="0.158"/>
  <system-out><![CDATA[memory = Memory{used=16536616, max=536870912}
]]></system-out>
  <system-err><![CDATA[]]></system-err>
</testsuite>
