<?xml version="1.0" encoding="UTF-8"?>
<testsuite name="com.practice.StringExampleTest" tests="1" skipped="0" failures="0" errors="0" timestamp="2024-09-19T15:41:10" hostname="DESKTOP-MST95U4" time="0.028">
  <properties/>
  <testcase name="splitString()" classname="com.practice.StringExampleTest" time="0.028"/>
  <system-out><![CDATA[-43
5
10.4
]]></system-out>
  <system-err><![CDATA[]]></system-err>
</testsuite>
